(t0): New task P1
(t0): P1 running
(t1): New task P3
(t0): Context switch (P1)<->(P3)
(t1): P3 running
(t2): P3 running
(t3): New task P5
(t3): P3 running
(t4): P3 running
(t4): Context switch (P3)<->(P1)
(t5): P1 running
(t5): Context switch (P1)<->(P3)
(t6): P3 running
(t7): P3 running
(t8): P3 running
(t9): Task P3 goes to sleep until (t10)
(t8): Context switch (P3)<->(P1)
(t9): P1 running
(t10): Task P1 goes to sleep until (t11)
(t10): task P3 awake
(t9): Context switch (P1)<->(P3)
(t10): P3 running
(t11): task P1 awake
(t10): Context switch (P3)<->(P1)
(t11): P1 running
(t11): Context switch (P1)<->(P3)
(t12): P3 running
(t13): P3 running
(t13): Context switch (P3)<->(P1)
(t14): P1 running
(t15): P1 running
(t16): P1 running
(t16): Context switch (P1)<->(idle)
(t17): idle running
==================
P1	0	1	running
P1	1	5	ready
P1	5	6	running
P1	6	9	ready
P1	9	10	running
P1	10	11	I/O
P1	11	12	running
P1	12	14	ready
P1	14	17	running
P3	1	5	running
P3	5	6	ready
P3	6	9	running
P3	9	10	I/O
P3	10	11	running
P3	11	12	ready
P3	12	14	running
P5	3	9	ready
